Watching for file changes with StatReloader
"GET / HTTP/1.1" 200 1608
"GET /static/style/all.css HTTP/1.1" 200 14289
"GET /static/media/Test_logo.jpeg HTTP/1.1" 200 12787
"GET /static/script/all.js HTTP/1.1" 200 120
"GET /static/fonts/Vazirmatn-Medium.woff2 HTTP/1.1" 200 49596
"GET /static/fonts/Vazirmatn-Regular.woff2 HTTP/1.1" 200 49100
"GET /static/fonts/Vazirmatn-Black.woff2 HTTP/1.1" 200 49108
Watching for file changes with StatReloader
"GET / HTTP/1.1" 200 1608
"GET /static/style/all.css HTTP/1.1" 304 0
"GET /static/script/lottie.min.js HTTP/1.1" 304 0
"GET /static/script/all.js HTTP/1.1" 304 0
"GET /static/media/Test_logo.jpeg HTTP/1.1" 200 12787
"GET /static/fonts/Vazirmatn-Medium.woff2 HTTP/1.1" 304 0
"GET /static/fonts/Vazirmatn-Black.woff2 HTTP/1.1" 304 0
"GET /static/fonts/Vazirmatn-Regular.woff2 HTTP/1.1" 304 0
Not Found: /favicon.ico
"GET /favicon.ico HTTP/1.1" 404 3050
"GET /search/?name=python HTTP/1.1" 200 66453
"GET /static/script/less.js HTTP/1.1" 304 0
"GET /static/style/star-rating.css HTTP/1.1" 304 0
"GET /static/script/range.js HTTP/1.1" 304 0
"GET /static/script/resultPage.js HTTP/1.1" 304 0
"GET /static/style/range.less HTTP/1.1" 304 0
"GET /media/Test_logo.jpeg HTTP/1.1" 304 0
"GET /static/fonts/Vazirmatn-Bold.woff2 HTTP/1.1" 304 0
"GET /media/CourseSources-Images/toplearn.png HTTP/1.1" 304 0
"GET /media/CourseSources-Images/faradars.png HTTP/1.1" 304 0
"GET /media/Dropdown-arrow.png HTTP/1.1" 304 0
"GET /media/loader.gif HTTP/1.1" 200 16650
"GET /course/1733 HTTP/1.1" 200 3723
"GET /course/1833 HTTP/1.1" 200 3393
"GET /course/923 HTTP/1.1" 200 3252
"GET /search/?name=asp.net+core HTTP/1.1" 200 46634
"GET /course/1071 HTTP/1.1" 200 4198
"GET /course/1369 HTTP/1.1" 200 3219
"GET /course/1648 HTTP/1.1" 200 3970
"GET /course/1112 HTTP/1.1" 200 4985
"GET /search/?name=asp.net+core HTTP/1.1" 200 46634
"GET /course/1112 HTTP/1.1" 200 4968
"GET /course/1063 HTTP/1.1" 200 3372
"GET /search/?name=asp.net+core HTTP/1.1" 200 46634
"GET /static/style/all.css HTTP/1.1" 200 15186
"GET /static/script/less.js HTTP/1.1" 200 488171
"GET /static/script/range.js HTTP/1.1" 200 300
"GET /static/script/resultPage.js HTTP/1.1" 200 744
"GET /static/fonts/Vazirmatn-Bold.woff2 HTTP/1.1" 200 49804
"GET /static/style/star-rating.css HTTP/1.1" 200 1682
"GET /static/fonts/Vazirmatn-Regular.woff2 HTTP/1.1" 200 49100
"GET /static/style/range.less HTTP/1.1" 200 871
"GET /media/CourseSources-Images/toplearn.png HTTP/1.1" 200 6370
"GET /media/Test_logo.jpeg HTTP/1.1" 200 12787
"GET /static/fonts/Vazirmatn-Medium.woff2 HTTP/1.1" 200 49596
"GET /static/fonts/Vazirmatn-Black.woff2 HTTP/1.1" 200 49108
"GET /media/CourseSources-Images/faradars.png HTTP/1.1" 200 70116
"GET /media/loader.gif HTTP/1.1" 200 16650
"GET /course/1112 HTTP/1.1" 200 4968
"GET /static/script/all.js HTTP/1.1" 200 124
"GET /static/script/lottie.min.js HTTP/1.1" 200 279772
"GET /search/?name=asp.net+core HTTP/1.1" 200 46634
"GET /course/1112 HTTP/1.1" 200 4968
"GET /search/?name=asp.net+core HTTP/1.1" 200 46634
"GET /static/style/star-rating.css HTTP/1.1" 200 1682
"GET /static/style/all.css HTTP/1.1" 200 15186
"GET /static/script/less.js HTTP/1.1" 200 488171
"GET /static/script/range.js HTTP/1.1" 200 300
"GET /static/script/resultPage.js HTTP/1.1" 200 744
"GET /media/Test_logo.jpeg HTTP/1.1" 200 12787
"GET /media/CourseSources-Images/toplearn.png HTTP/1.1" 200 6370
"GET /media/CourseSources-Images/faradars.png HTTP/1.1" 200 70116
"GET /static/fonts/Vazirmatn-Black.woff2 HTTP/1.1" 200 49108
"GET /static/fonts/Vazirmatn-Medium.woff2 HTTP/1.1" 200 49596
"GET /static/fonts/Vazirmatn-Bold.woff2 HTTP/1.1" 200 49804
"GET /static/fonts/Vazirmatn-Regular.woff2 HTTP/1.1" 200 49100
"GET /static/style/range.less HTTP/1.1" 200 871
"GET /course/1063 HTTP/1.1" 200 3372
"GET /media/loader.gif HTTP/1.1" 200 16650
"GET /static/style/all.css HTTP/1.1" 200 15186
"GET /static/script/lottie.min.js HTTP/1.1" 200 279772
"GET /static/script/all.js HTTP/1.1" 200 124
"GET /media/CourseSources-Images/toplearn.png HTTP/1.1" 200 6370
"GET /static/fonts/Vazirmatn-Regular.woff2 HTTP/1.1" 200 49100
"GET /static/fonts/Vazirmatn-Medium.woff2 HTTP/1.1" 200 49596
"GET /static/fonts/Vazirmatn-Black.woff2 HTTP/1.1" 200 49108
"GET /static/fonts/Vazirmatn-Black.woff2 HTTP/1.1" 200 49108
"GET /static/fonts/Vazirmatn-Medium.woff2 HTTP/1.1" 200 49596
"GET /static/fonts/Vazirmatn-Bold.woff2 HTTP/1.1" 200 49804
"GET /static/fonts/Vazirmatn-Black.woff2 HTTP/1.1" 200 49108
"GET /static/fonts/Vazirmatn-Medium.woff2 HTTP/1.1" 200 49596
"GET /static/fonts/Vazirmatn-Bold.woff2 HTTP/1.1" 200 49804
"GET /static/fonts/Vazirmatn-Black.woff2 HTTP/1.1" 200 49108
"GET /static/fonts/Vazirmatn-Medium.woff2 HTTP/1.1" 200 49596
"GET /static/fonts/Vazirmatn-Bold.woff2 HTTP/1.1" 200 49804
"GET /static/fonts/Vazirmatn-Bold.woff2 HTTP/1.1" 200 49804
"GET /static/fonts/Vazirmatn-Medium.woff2 HTTP/1.1" 200 49596
"GET /static/fonts/Vazirmatn-Black.woff2 HTTP/1.1" 200 49108
"GET /static/fonts/Vazirmatn-Black.woff2 HTTP/1.1" 200 49108
"GET /static/fonts/Vazirmatn-Bold.woff2 HTTP/1.1" 200 49804
"GET /static/fonts/Vazirmatn-Medium.woff2 HTTP/1.1" 200 49596
"GET /static/fonts/Vazirmatn-Black.woff2 HTTP/1.1" 200 49108
"GET /static/fonts/Vazirmatn-Bold.woff2 HTTP/1.1" 200 49804
"GET /static/fonts/Vazirmatn-Medium.woff2 HTTP/1.1" 200 49596
"GET /static/fonts/Vazirmatn-Black.woff2 HTTP/1.1" 200 49108
"GET /static/fonts/Vazirmatn-Bold.woff2 HTTP/1.1" 200 49804
"GET /static/fonts/Vazirmatn-Medium.woff2 HTTP/1.1" 200 49596
"GET /static/fonts/Vazirmatn-Black.woff2 HTTP/1.1" 200 49108
"GET /static/fonts/Vazirmatn-Bold.woff2 HTTP/1.1" 200 49804
"GET /static/fonts/Vazirmatn-Medium.woff2 HTTP/1.1" 200 49596
"GET /static/fonts/Vazirmatn-Black.woff2 HTTP/1.1" 200 49108
"GET /static/fonts/Vazirmatn-Bold.woff2 HTTP/1.1" 200 49804
"GET /static/fonts/Vazirmatn-Medium.woff2 HTTP/1.1" 200 49596
"GET /static/fonts/Vazirmatn-Black.woff2 HTTP/1.1" 200 49108
"GET /static/fonts/Vazirmatn-Bold.woff2 HTTP/1.1" 200 49804
"GET /static/fonts/Vazirmatn-Medium.woff2 HTTP/1.1" 200 49596
"GET /static/fonts/Vazirmatn-Black.woff2 HTTP/1.1" 200 49108
"GET /static/fonts/Vazirmatn-Bold.woff2 HTTP/1.1" 200 49804
"GET /static/fonts/Vazirmatn-Medium.woff2 HTTP/1.1" 200 49596
"GET /static/fonts/Vazirmatn-Black.woff2 HTTP/1.1" 200 49108
"GET /static/fonts/Vazirmatn-Medium.woff2 HTTP/1.1" 200 49596
"GET /static/fonts/Vazirmatn-Bold.woff2 HTTP/1.1" 200 49804
"GET /static/fonts/Vazirmatn-Black.woff2 HTTP/1.1" 200 49108
"GET /static/fonts/Vazirmatn-Bold.woff2 HTTP/1.1" 200 49804
"GET /static/fonts/Vazirmatn-Medium.woff2 HTTP/1.1" 200 49596
"GET /static/fonts/Vazirmatn-Black.woff2 HTTP/1.1" 200 49108
"GET /static/fonts/Vazirmatn-Bold.woff2 HTTP/1.1" 200 49804
"GET /static/fonts/Vazirmatn-Medium.woff2 HTTP/1.1" 200 49596
"GET /static/fonts/Vazirmatn-Black.woff2 HTTP/1.1" 200 49108
"GET /static/fonts/Vazirmatn-Medium.woff2 HTTP/1.1" 200 49596
"GET /static/fonts/Vazirmatn-Bold.woff2 HTTP/1.1" 200 49804
"GET /static/fonts/Vazirmatn-Black.woff2 HTTP/1.1" 200 49108
"GET /static/fonts/Vazirmatn-Medium.woff2 HTTP/1.1" 200 49596
"GET /static/fonts/Vazirmatn-Bold.woff2 HTTP/1.1" 200 49804
"GET /static/fonts/Vazirmatn-Black.woff2 HTTP/1.1" 200 49108
"GET /static/fonts/Vazirmatn-Medium.woff2 HTTP/1.1" 200 49596
"GET /static/fonts/Vazirmatn-Bold.woff2 HTTP/1.1" 200 49804
"GET /search/?name=asp.net+core HTTP/1.1" 200 46634
"GET /static/style/star-rating.css HTTP/1.1" 200 1682
"GET /static/script/range.js HTTP/1.1" 200 300
"GET /media/Test_logo.jpeg HTTP/1.1" 200 12787
"GET /static/style/all.css HTTP/1.1" 200 15256
"GET /static/script/less.js HTTP/1.1" 200 488171
"GET /static/script/resultPage.js HTTP/1.1" 200 744
"GET /media/CourseSources-Images/faradars.png HTTP/1.1" 200 70116
"GET /media/CourseSources-Images/toplearn.png HTTP/1.1" 200 6370
"GET /static/fonts/Vazirmatn-Bold.woff2 HTTP/1.1" 200 49804
"GET /static/fonts/Vazirmatn-Black.woff2 HTTP/1.1" 200 49108
"GET /static/fonts/Vazirmatn-Medium.woff2 HTTP/1.1" 200 49596
"GET /static/style/range.less HTTP/1.1" 200 871
"GET /static/fonts/Vazirmatn-Regular.woff2 HTTP/1.1" 200 49100
"GET /search/?name=asp.net+core HTTP/1.1" 200 46634
"GET /static/style/star-rating.css HTTP/1.1" 200 1682
"GET /static/script/range.js HTTP/1.1" 200 300
"GET /media/CourseSources-Images/faradars.png HTTP/1.1" 200 70116
"GET /media/CourseSources-Images/toplearn.png HTTP/1.1" 200 6370
"GET /media/Test_logo.jpeg HTTP/1.1" 200 12787
"GET /static/style/all.css HTTP/1.1" 200 15282
"GET /static/script/resultPage.js HTTP/1.1" 200 744
"GET /static/fonts/Vazirmatn-Black.woff2 HTTP/1.1" 200 49108
"GET /static/script/less.js HTTP/1.1" 200 488171
"GET /static/fonts/Vazirmatn-Bold.woff2 HTTP/1.1" 200 49804
"GET /static/fonts/Vazirmatn-Medium.woff2 HTTP/1.1" 200 49596
"GET /static/fonts/Vazirmatn-Regular.woff2 HTTP/1.1" 200 49100
"GET /static/style/range.less HTTP/1.1" 200 871
"GET /course/1063 HTTP/1.1" 200 3372
"GET /media/loader.gif HTTP/1.1" 200 16650
"GET /static/style/all.css HTTP/1.1" 200 15282
"GET /static/script/all.js HTTP/1.1" 200 124
"GET /media/CourseSources-Images/toplearn.png HTTP/1.1" 200 6370
"GET /static/script/lottie.min.js HTTP/1.1" 200 279772
"GET /static/fonts/Vazirmatn-Medium.woff2 HTTP/1.1" 200 49596
"GET /static/fonts/Vazirmatn-Black.woff2 HTTP/1.1" 200 49108
"GET /course/1063 HTTP/1.1" 200 3372
"GET /static/script/lottie.min.js HTTP/1.1" 200 279772
"GET /static/script/all.js HTTP/1.1" 200 124
"GET /static/style/all.css HTTP/1.1" 200 15282
"GET /media/CourseSources-Images/toplearn.png HTTP/1.1" 200 6370
"GET /static/fonts/Vazirmatn-Regular.woff2 HTTP/1.1" 200 49100
"GET /static/fonts/Vazirmatn-Medium.woff2 HTTP/1.1" 200 49596
"GET /static/fonts/Vazirmatn-Black.woff2 HTTP/1.1" 200 49108
"GET /course/1063 HTTP/1.1" 200 3372
"GET /static/style/all.css HTTP/1.1" 200 15282
"GET /static/script/all.js HTTP/1.1" 200 124
"GET /media/CourseSources-Images/toplearn.png HTTP/1.1" 200 6370
"GET /static/fonts/Vazirmatn-Medium.woff2 HTTP/1.1" 200 49596
"GET /static/fonts/Vazirmatn-Regular.woff2 HTTP/1.1" 200 49100
"GET /static/script/lottie.min.js HTTP/1.1" 200 279772
"GET /static/fonts/Vazirmatn-Black.woff2 HTTP/1.1" 200 49108
"GET /course/1063 HTTP/1.1" 200 3372
"GET /static/script/lottie.min.js HTTP/1.1" 200 279772
"GET /media/CourseSources-Images/toplearn.png HTTP/1.1" 200 6370
"GET /static/script/all.js HTTP/1.1" 200 124
"GET /static/style/all.css HTTP/1.1" 200 15282
"GET /static/fonts/Vazirmatn-Medium.woff2 HTTP/1.1" 200 49596
"GET /static/fonts/Vazirmatn-Black.woff2 HTTP/1.1" 200 49108
"GET /static/script/all.js HTTP/1.1" 200 124
"GET /course/1063 HTTP/1.1" 200 3372
"GET /static/script/lottie.min.js HTTP/1.1" 200 279772
"GET /media/CourseSources-Images/toplearn.png HTTP/1.1" 200 6370
"GET /static/style/all.css HTTP/1.1" 200 15282
"GET /static/fonts/Vazirmatn-Black.woff2 HTTP/1.1" 200 49108
"GET /static/fonts/Vazirmatn-Medium.woff2 HTTP/1.1" 200 49596
- Broken pipe from ('127.0.0.1', 50341)

"GET /course/1063 HTTP/1.1" 200 3372
"GET /static/style/all.css HTTP/1.1" 200 15282
"GET /static/script/lottie.min.js HTTP/1.1" 200 279772
"GET /static/script/all.js HTTP/1.1" 200 124
"GET /media/CourseSources-Images/toplearn.png HTTP/1.1" 200 6370
"GET /static/fonts/Vazirmatn-Black.woff2 HTTP/1.1" 200 49108
"GET /static/fonts/Vazirmatn-Medium.woff2 HTTP/1.1" 200 49596
"GET /search/?name=asp.net+core HTTP/1.1" 200 46634
"GET /static/style/star-rating.css HTTP/1.1" 200 1682
"GET /static/script/range.js HTTP/1.1" 200 300
"GET /media/Test_logo.jpeg HTTP/1.1" 200 12787
"GET /static/script/resultPage.js HTTP/1.1" 200 744
"GET /static/script/less.js HTTP/1.1" 200 488171
"GET /media/CourseSources-Images/faradars.png HTTP/1.1" 200 70116
"GET /static/style/all.css HTTP/1.1" 200 15282
"GET /media/CourseSources-Images/toplearn.png HTTP/1.1" 200 6370
"GET /static/style/range.less HTTP/1.1" 200 871
"GET /static/fonts/Vazirmatn-Black.woff2 HTTP/1.1" 200 49108
"GET /static/fonts/Vazirmatn-Regular.woff2 HTTP/1.1" 200 49100
"GET /static/fonts/Vazirmatn-Bold.woff2 HTTP/1.1" 200 49804
"GET /static/fonts/Vazirmatn-Medium.woff2 HTTP/1.1" 200 49596
"GET /search/?name=asp.net+core HTTP/1.1" 200 46634
"GET /static/style/star-rating.css HTTP/1.1" 200 1682
"GET /static/style/all.css HTTP/1.1" 200 15282
"GET /static/script/range.js HTTP/1.1" 200 300
"GET /media/Test_logo.jpeg HTTP/1.1" 200 12787
"GET /media/CourseSources-Images/faradars.png HTTP/1.1" 200 70116
"GET /static/script/less.js HTTP/1.1" 200 488171
"GET /media/CourseSources-Images/toplearn.png HTTP/1.1" 200 6370
"GET /static/script/resultPage.js HTTP/1.1" 200 744
"GET /static/fonts/Vazirmatn-Medium.woff2 HTTP/1.1" 200 49596
"GET /static/style/range.less HTTP/1.1" 200 871
"GET /static/fonts/Vazirmatn-Black.woff2 HTTP/1.1" 200 49108
"GET /static/fonts/Vazirmatn-Bold.woff2 HTTP/1.1" 200 49804
"GET /static/fonts/Vazirmatn-Regular.woff2 HTTP/1.1" 200 49100
"GET /media/loader.gif HTTP/1.1" 200 16650
"GET /course/1063 HTTP/1.1" 200 3452
"GET /static/style/all.css HTTP/1.1" 200 15282
"GET /static/script/lottie.min.js HTTP/1.1" 200 279772
"GET /static/script/all.js HTTP/1.1" 200 124
"GET /media/CourseSources-Images/toplearn.png HTTP/1.1" 200 6370
"GET /static/fonts/Vazirmatn-Black.woff2 HTTP/1.1" 200 49108
"GET /static/fonts/Vazirmatn-Medium.woff2 HTTP/1.1" 200 49596
"GET /static/fonts/Vazirmatn-Regular.woff2 HTTP/1.1" 200 49100
"GET /search/?name=asp.net+core HTTP/1.1" 200 46634
"GET /static/style/star-rating.css HTTP/1.1" 200 1682
"GET /static/style/all.css HTTP/1.1" 200 15282
"GET /static/script/less.js HTTP/1.1" 200 488171
"GET /media/CourseSources-Images/toplearn.png HTTP/1.1" 200 6370
"GET /static/script/range.js HTTP/1.1" 200 300
"GET /media/Test_logo.jpeg HTTP/1.1" 200 12787
"GET /media/CourseSources-Images/faradars.png HTTP/1.1" 200 70116
"GET /static/script/resultPage.js HTTP/1.1" 200 744
"GET /static/fonts/Vazirmatn-Bold.woff2 HTTP/1.1" 200 49804
"GET /static/fonts/Vazirmatn-Black.woff2 HTTP/1.1" 200 49108
"GET /static/fonts/Vazirmatn-Medium.woff2 HTTP/1.1" 200 49596
"GET /static/fonts/Vazirmatn-Regular.woff2 HTTP/1.1" 200 49100
"GET /static/style/range.less HTTP/1.1" 200 871
"GET /course/1071 HTTP/1.1" 200 4265
"GET /course/1063 HTTP/1.1" 200 3468
"GET /course/1697 HTTP/1.1" 200 3442
"GET /course/1651 HTTP/1.1" 200 3612
"GET /search/?name=asp.net+core HTTP/1.1" 200 46634
"GET /static/style/all.css HTTP/1.1" 304 0
"GET /course/1742 HTTP/1.1" 200 3655
"GET /search/?name=asp.net+core HTTP/1.1" 200 46634
"GET /course/1742 HTTP/1.1" 200 3560
"GET /course/1071 HTTP/1.1" 200 4148
"GET /static/style/all.css HTTP/1.1" 304 0
"GET /search/?name=python HTTP/1.1" 200 66453
"GET /course/1352 HTTP/1.1" 200 3491
"GET /search/?name=python HTTP/1.1" 200 66453
"GET /static/style/all.css HTTP/1.1" 304 0
"GET /course/1371 HTTP/1.1" 200 3445
"GET /course/1371 HTTP/1.1" 200 3445
"GET /search/?name=python HTTP/1.1" 200 66408
"GET /static/style/all.css HTTP/1.1" 200 15282
"GET /static/style/star-rating.css HTTP/1.1" 200 1682
"GET /static/script/less.js HTTP/1.1" 200 488171
"GET /media/CourseSources-Images/faradars.png HTTP/1.1" 200 70116
"GET /static/script/range.js HTTP/1.1" 200 300
"GET /static/fonts/Vazirmatn-Medium.woff2 HTTP/1.1" 200 49596
"GET /static/fonts/Vazirmatn-Bold.woff2 HTTP/1.1" 200 49804
"GET /static/fonts/Vazirmatn-Black.woff2 HTTP/1.1" 200 49108
"GET /static/fonts/Vazirmatn-Regular.woff2 HTTP/1.1" 200 49100
"GET /static/script/resultPage.js HTTP/1.1" 200 744
"GET /static/style/range.less HTTP/1.1" 200 871
"GET /media/Test_logo.jpeg HTTP/1.1" 200 12787
"GET /media/CourseSources-Images/toplearn.png HTTP/1.1" 200 6370
"GET /search/?name=python&order=participants&max-price=3540000 HTTP/1.1" 200 66408
"GET /search/?name=python&order=-participants&max-price=520000 HTTP/1.1" 200 66408
"GET /search/?name=python&order=-participants&max-price=60000 HTTP/1.1" 200 66408
"GET /search/?name=python&order=-price&max-price=2500000 HTTP/1.1" 200 66408
"GET /search/?name=python&order=-price&max-price=300000 HTTP/1.1" 200 66408
E:\ohammadijikandi\CourseFind\courses\views.py changed, reloading.
Watching for file changes with StatReloader
E:\ohammadijikandi\CourseFind\courses\views.py changed, reloading.
Watching for file changes with StatReloader
E:\ohammadijikandi\CourseFind\courses\views.py changed, reloading.
Watching for file changes with StatReloader
E:\ohammadijikandi\CourseFind\courses\views.py changed, reloading.
Watching for file changes with StatReloader
"GET /search/?name=python HTTP/1.1" 200 66408
"GET /static/style/all.css HTTP/1.1" 304 0
"GET /search/?name=python&order=-price&max-price=2500000 HTTP/1.1" 200 66408
"GET /search/?name=python&order=price&max-price=2500000 HTTP/1.1" 200 66408
"GET /search/?name=python&order=participants&max-price=2500000 HTTP/1.1" 200 66408
"GET /search/?name=python&order=-participants&max-price=2500000 HTTP/1.1" 200 66408
"GET /search/?name=python&order=-participants&max-price=90000 HTTP/1.1" 200 66408
"GET /search/?name=python&order=-price&max-price=20000 HTTP/1.1" 200 66408
E:\ohammadijikandi\CourseFind\courses\views.py changed, reloading.
Watching for file changes with StatReloader
"GET /search/?name=python&order=-price&max-price=60000 HTTP/1.1" 200 66408
"GET /static/style/all.css HTTP/1.1" 304 0
"GET /search/?name=python&order=-price&max-price=60000 HTTP/1.1" 200 66408
Watching for file changes with StatReloader
"GET /search/?name=python&order=-price&max-price=60000 HTTP/1.1" 200 66408
"GET /search/?name=python&order=-price&max-price=60000 HTTP/1.1" 200 66408
"GET /search/?name=python&order=-price&max-price=1000 HTTP/1.1" 200 66408
"GET /search/?name=python&order=-price&max-price=10000000 HTTP/1.1" 200 66408
E:\ohammadijikandi\CourseFind\courses\views.py changed, reloading.
Watching for file changes with StatReloader
"GET /search/?name=python&order=-price&max-price=10000000 HTTP/1.1" 200 66408
"GET /search/?name=python&order=-price&max-price=909 HTTP/1.1" 200 66408
"GET /static/style/all.css HTTP/1.1" 304 0
E:\ohammadijikandi\CourseFind\courses\views.py changed, reloading.
Watching for file changes with StatReloader
E:\ohammadijikandi\CourseFind\courses\views.py changed, reloading.
Watching for file changes with StatReloader
"GET /search/?name=python&order=-price&max-price=909 HTTP/1.1" 200 66408
E:\ohammadijikandi\CourseFind\courses\views.py changed, reloading.
Watching for file changes with StatReloader
"GET /search/?name=python&max-price=909 HTTP/1.1" 200 66408
"GET /static/style/all.css HTTP/1.1" 304 0
E:\ohammadijikandi\CourseFind\courses\views.py changed, reloading.
Watching for file changes with StatReloader
E:\ohammadijikandi\CourseFind\courses\views.py changed, reloading.
Watching for file changes with StatReloader
"GET /search/?name=python&max-price=909 HTTP/1.1" 200 66408
"GET /search/?name=python&max-price=909 HTTP/1.1" 200 66408
E:\ohammadijikandi\CourseFind\courses\views.py changed, reloading.
Watching for file changes with StatReloader
"GET /search/?name=python&max-price=909 HTTP/1.1" 200 66408
E:\ohammadijikandi\CourseFind\courses\views.py changed, reloading.
Watching for file changes with StatReloader
"GET /search/?name=python&order=-price&max-price=2500000 HTTP/1.1" 200 66408
"GET /static/style/all.css HTTP/1.1" 304 0
"GET /search/?name=python&order=-participants&max-price=650000 HTTP/1.1" 200 66408
"GET /search/?name=python&order=-participants&max-price=110000 HTTP/1.1" 200 66408
"GET /search/?name=python&order=-participants&max-price=200000 HTTP/1.1" 200 66408
"GET /search/?name=python&order=-participants&max-price=400000 HTTP/1.1" 200 66408
"GET /search/?name=python&order=-price&max-price=400000 HTTP/1.1" 200 66408
E:\ohammadijikandi\CourseFind\courses\views.py changed, reloading.
Watching for file changes with StatReloader
"GET /search/?name=python&order=-price&max-price=400000 HTTP/1.1" 200 5230
Internal Server Error: /search/
Traceback (most recent call last):
  File "C:\Users\God-00.11\AppData\Local\Programs\Python\Python38\lib\site-packages\django\db\models\fields\__init__.py", line 1988, in get_prep_value
    return int(value)
ValueError: invalid literal for int() with base 10: ''

The above exception was the direct cause of the following exception:

Traceback (most recent call last):
  File "C:\Users\God-00.11\AppData\Local\Programs\Python\Python38\lib\site-packages\django\core\handlers\exception.py", line 55, in inner
    response = get_response(request)
  File "C:\Users\God-00.11\AppData\Local\Programs\Python\Python38\lib\site-packages\django\core\handlers\base.py", line 197, in _get_response
    response = wrapped_callback(request, *callback_args, **callback_kwargs)
  File "E:\ohammadijikandi\CourseFind\courses\views.py", line 41, in search
    query = query.filter(price__gte=request.GET['max-price'])
  File "C:\Users\God-00.11\AppData\Local\Programs\Python\Python38\lib\site-packages\django\db\models\query.py", line 1071, in filter
    return self._filter_or_exclude(False, args, kwargs)
  File "C:\Users\God-00.11\AppData\Local\Programs\Python\Python38\lib\site-packages\django\db\models\query.py", line 1089, in _filter_or_exclude
    clone._filter_or_exclude_inplace(negate, args, kwargs)
  File "C:\Users\God-00.11\AppData\Local\Programs\Python\Python38\lib\site-packages\django\db\models\query.py", line 1096, in _filter_or_exclude_inplace
    self._query.add_q(Q(*args, **kwargs))
  File "C:\Users\God-00.11\AppData\Local\Programs\Python\Python38\lib\site-packages\django\db\models\sql\query.py", line 1502, in add_q
    clause, _ = self._add_q(q_object, self.used_aliases)
  File "C:\Users\God-00.11\AppData\Local\Programs\Python\Python38\lib\site-packages\django\db\models\sql\query.py", line 1532, in _add_q
    child_clause, needed_inner = self.build_filter(
  File "C:\Users\God-00.11\AppData\Local\Programs\Python\Python38\lib\site-packages\django\db\models\sql\query.py", line 1448, in build_filter
    condition = self.build_lookup(lookups, col, value)
  File "C:\Users\God-00.11\AppData\Local\Programs\Python\Python38\lib\site-packages\django\db\models\sql\query.py", line 1273, in build_lookup
    lookup = lookup_class(lhs, rhs)
  File "C:\Users\God-00.11\AppData\Local\Programs\Python\Python38\lib\site-packages\django\db\models\lookups.py", line 27, in __init__
    self.rhs = self.get_prep_lookup()
  File "C:\Users\God-00.11\AppData\Local\Programs\Python\Python38\lib\site-packages\django\db\models\lookups.py", line 401, in get_prep_lookup
    return super().get_prep_lookup()
  File "C:\Users\God-00.11\AppData\Local\Programs\Python\Python38\lib\site-packages\django\db\models\lookups.py", line 85, in get_prep_lookup
    return self.lhs.output_field.get_prep_value(self.rhs)
  File "C:\Users\God-00.11\AppData\Local\Programs\Python\Python38\lib\site-packages\django\db\models\fields\__init__.py", line 1990, in get_prep_value
    raise e.__class__(
ValueError: Field 'price' expected a number but got ''.
"GET /search/?name=python&order=-price&max-price= HTTP/1.1" 500 132722
"GET /search/?name=python&order=-price&max-price=100000 HTTP/1.1" 200 5230
"GET /search/?name=python&order=-price&max-price=1000 HTTP/1.1" 200 55903
E:\ohammadijikandi\CourseFind\courses\views.py changed, reloading.
Watching for file changes with StatReloader
"GET /search/?name=python&order=-price&max-price=1000 HTTP/1.1" 200 14503
"GET /search/?name=python&order=-price&max-price=20000 HTTP/1.1" 200 57145
"GET /search/?name=python&order=-price&max-price=420000 HTTP/1.1" 200 66408
"GET /search/?name=python&order=-price&max-price=419000 HTTP/1.1" 200 65176
"GET /search/?name=python&order=-price&max-price=420000 HTTP/1.1" 200 66408
"GET /search/?name=python&order=-participants&max-price=2500000 HTTP/1.1" 200 66408
"GET /search/?name=python&order=-participants&max-price=2500000 HTTP/1.1" 200 66408
E:\ohammadijikandi\CourseFind\courses\views.py changed, reloading.
Watching for file changes with StatReloader
E:\ohammadijikandi\CourseFind\courses\views.py changed, reloading.
Watching for file changes with StatReloader
Internal Server Error: /search/
Traceback (most recent call last):
  File "C:\Users\God-00.11\AppData\Local\Programs\Python\Python38\lib\site-packages\django\core\handlers\exception.py", line 55, in inner
    response = get_response(request)
  File "C:\Users\God-00.11\AppData\Local\Programs\Python\Python38\lib\site-packages\django\core\handlers\base.py", line 197, in _get_response
    response = wrapped_callback(request, *callback_args, **callback_kwargs)
  File "E:\ohammadijikandi\CourseFind\courses\views.py", line 52, in search
    return render(request, 'searchResult.html', {'courses': query, 'searchvalues': request.GET})
  File "C:\Users\God-00.11\AppData\Local\Programs\Python\Python38\lib\site-packages\django\shortcuts.py", line 24, in render
    content = loader.render_to_string(template_name, context, request, using=using)
  File "C:\Users\God-00.11\AppData\Local\Programs\Python\Python38\lib\site-packages\django\template\loader.py", line 61, in render_to_string
    template = get_template(template_name, using=using)
  File "C:\Users\God-00.11\AppData\Local\Programs\Python\Python38\lib\site-packages\django\template\loader.py", line 15, in get_template
    return engine.get_template(template_name)
  File "C:\Users\God-00.11\AppData\Local\Programs\Python\Python38\lib\site-packages\django\template\backends\django.py", line 34, in get_template
    return Template(self.engine.get_template(template_name), self)
  File "C:\Users\God-00.11\AppData\Local\Programs\Python\Python38\lib\site-packages\django\template\engine.py", line 176, in get_template
    template, origin = self.find_template(template_name)
  File "C:\Users\God-00.11\AppData\Local\Programs\Python\Python38\lib\site-packages\django\template\engine.py", line 158, in find_template
    template = loader.get_template(name, skip=skip)
  File "C:\Users\God-00.11\AppData\Local\Programs\Python\Python38\lib\site-packages\django\template\loaders\base.py", line 28, in get_template
    return Template(
  File "C:\Users\God-00.11\AppData\Local\Programs\Python\Python38\lib\site-packages\django\template\base.py", line 154, in __init__
    self.nodelist = self.compile_nodelist()
  File "C:\Users\God-00.11\AppData\Local\Programs\Python\Python38\lib\site-packages\django\template\base.py", line 200, in compile_nodelist
    return parser.parse()
  File "C:\Users\God-00.11\AppData\Local\Programs\Python\Python38\lib\site-packages\django\template\base.py", line 513, in parse
    raise self.error(token, e)
  File "C:\Users\God-00.11\AppData\Local\Programs\Python\Python38\lib\site-packages\django\template\base.py", line 511, in parse
    compiled_result = compile_func(self, token)
  File "C:\Users\God-00.11\AppData\Local\Programs\Python\Python38\lib\site-packages\django\template\defaulttags.py", line 854, in do_for
    nodelist_loop = parser.parse(
  File "C:\Users\God-00.11\AppData\Local\Programs\Python\Python38\lib\site-packages\django\template\base.py", line 484, in parse
    raise self.error(token, e)
  File "C:\Users\God-00.11\AppData\Local\Programs\Python\Python38\lib\site-packages\django\template\base.py", line 482, in parse
    filter_expression = self.compile_filter(token.contents)
  File "C:\Users\God-00.11\AppData\Local\Programs\Python\Python38\lib\site-packages\django\template\base.py", line 600, in compile_filter
    return FilterExpression(token, self)
  File "C:\Users\God-00.11\AppData\Local\Programs\Python\Python38\lib\site-packages\django\template\base.py", line 701, in __init__
    raise TemplateSyntaxError(
django.template.exceptions.TemplateSyntaxError: Could not parse the remainder: '["name"]' from 'course.name["name"]'
"GET /search/?name=python&order=-participants&max-price=2500000 HTTP/1.1" 500 186254
Internal Server Error: /search/
Traceback (most recent call last):
  File "C:\Users\God-00.11\AppData\Local\Programs\Python\Python38\lib\site-packages\django\core\handlers\exception.py", line 55, in inner
    response = get_response(request)
  File "C:\Users\God-00.11\AppData\Local\Programs\Python\Python38\lib\site-packages\django\core\handlers\base.py", line 197, in _get_response
    response = wrapped_callback(request, *callback_args, **callback_kwargs)
  File "E:\ohammadijikandi\CourseFind\courses\views.py", line 52, in search
    return render(request, 'searchResult.html', {'courses': query, 'searchvalues': request.GET})
  File "C:\Users\God-00.11\AppData\Local\Programs\Python\Python38\lib\site-packages\django\shortcuts.py", line 24, in render
    content = loader.render_to_string(template_name, context, request, using=using)
  File "C:\Users\God-00.11\AppData\Local\Programs\Python\Python38\lib\site-packages\django\template\loader.py", line 61, in render_to_string
    template = get_template(template_name, using=using)
  File "C:\Users\God-00.11\AppData\Local\Programs\Python\Python38\lib\site-packages\django\template\loader.py", line 15, in get_template
    return engine.get_template(template_name)
  File "C:\Users\God-00.11\AppData\Local\Programs\Python\Python38\lib\site-packages\django\template\backends\django.py", line 34, in get_template
    return Template(self.engine.get_template(template_name), self)
  File "C:\Users\God-00.11\AppData\Local\Programs\Python\Python38\lib\site-packages\django\template\engine.py", line 176, in get_template
    template, origin = self.find_template(template_name)
  File "C:\Users\God-00.11\AppData\Local\Programs\Python\Python38\lib\site-packages\django\template\engine.py", line 158, in find_template
    template = loader.get_template(name, skip=skip)
  File "C:\Users\God-00.11\AppData\Local\Programs\Python\Python38\lib\site-packages\django\template\loaders\base.py", line 28, in get_template
    return Template(
  File "C:\Users\God-00.11\AppData\Local\Programs\Python\Python38\lib\site-packages\django\template\base.py", line 154, in __init__
    self.nodelist = self.compile_nodelist()
  File "C:\Users\God-00.11\AppData\Local\Programs\Python\Python38\lib\site-packages\django\template\base.py", line 200, in compile_nodelist
    return parser.parse()
  File "C:\Users\God-00.11\AppData\Local\Programs\Python\Python38\lib\site-packages\django\template\base.py", line 513, in parse
    raise self.error(token, e)
  File "C:\Users\God-00.11\AppData\Local\Programs\Python\Python38\lib\site-packages\django\template\base.py", line 511, in parse
    compiled_result = compile_func(self, token)
  File "C:\Users\God-00.11\AppData\Local\Programs\Python\Python38\lib\site-packages\django\template\defaulttags.py", line 854, in do_for
    nodelist_loop = parser.parse(
  File "C:\Users\God-00.11\AppData\Local\Programs\Python\Python38\lib\site-packages\django\template\base.py", line 484, in parse
    raise self.error(token, e)
  File "C:\Users\God-00.11\AppData\Local\Programs\Python\Python38\lib\site-packages\django\template\base.py", line 482, in parse
    filter_expression = self.compile_filter(token.contents)
  File "C:\Users\God-00.11\AppData\Local\Programs\Python\Python38\lib\site-packages\django\template\base.py", line 600, in compile_filter
    return FilterExpression(token, self)
  File "C:\Users\God-00.11\AppData\Local\Programs\Python\Python38\lib\site-packages\django\template\base.py", line 701, in __init__
    raise TemplateSyntaxError(
django.template.exceptions.TemplateSyntaxError: Could not parse the remainder: '["name']' from 'course.name["name']'
"GET /search/?name=python&order=-participants&max-price=2500000 HTTP/1.1" 500 186259
Internal Server Error: /search/
Traceback (most recent call last):
  File "C:\Users\God-00.11\AppData\Local\Programs\Python\Python38\lib\site-packages\django\core\handlers\exception.py", line 55, in inner
    response = get_response(request)
  File "C:\Users\God-00.11\AppData\Local\Programs\Python\Python38\lib\site-packages\django\core\handlers\base.py", line 197, in _get_response
    response = wrapped_callback(request, *callback_args, **callback_kwargs)
  File "E:\ohammadijikandi\CourseFind\courses\views.py", line 52, in search
    return render(request, 'searchResult.html', {'courses': query, 'searchvalues': request.GET})
  File "C:\Users\God-00.11\AppData\Local\Programs\Python\Python38\lib\site-packages\django\shortcuts.py", line 24, in render
    content = loader.render_to_string(template_name, context, request, using=using)
  File "C:\Users\God-00.11\AppData\Local\Programs\Python\Python38\lib\site-packages\django\template\loader.py", line 61, in render_to_string
    template = get_template(template_name, using=using)
  File "C:\Users\God-00.11\AppData\Local\Programs\Python\Python38\lib\site-packages\django\template\loader.py", line 15, in get_template
    return engine.get_template(template_name)
  File "C:\Users\God-00.11\AppData\Local\Programs\Python\Python38\lib\site-packages\django\template\backends\django.py", line 34, in get_template
    return Template(self.engine.get_template(template_name), self)
  File "C:\Users\God-00.11\AppData\Local\Programs\Python\Python38\lib\site-packages\django\template\engine.py", line 176, in get_template
    template, origin = self.find_template(template_name)
  File "C:\Users\God-00.11\AppData\Local\Programs\Python\Python38\lib\site-packages\django\template\engine.py", line 158, in find_template
    template = loader.get_template(name, skip=skip)
  File "C:\Users\God-00.11\AppData\Local\Programs\Python\Python38\lib\site-packages\django\template\loaders\base.py", line 28, in get_template
    return Template(
  File "C:\Users\God-00.11\AppData\Local\Programs\Python\Python38\lib\site-packages\django\template\base.py", line 154, in __init__
    self.nodelist = self.compile_nodelist()
  File "C:\Users\God-00.11\AppData\Local\Programs\Python\Python38\lib\site-packages\django\template\base.py", line 200, in compile_nodelist
    return parser.parse()
  File "C:\Users\God-00.11\AppData\Local\Programs\Python\Python38\lib\site-packages\django\template\base.py", line 513, in parse
    raise self.error(token, e)
  File "C:\Users\God-00.11\AppData\Local\Programs\Python\Python38\lib\site-packages\django\template\base.py", line 511, in parse
    compiled_result = compile_func(self, token)
  File "C:\Users\God-00.11\AppData\Local\Programs\Python\Python38\lib\site-packages\django\template\defaulttags.py", line 854, in do_for
    nodelist_loop = parser.parse(
  File "C:\Users\God-00.11\AppData\Local\Programs\Python\Python38\lib\site-packages\django\template\base.py", line 484, in parse
    raise self.error(token, e)
  File "C:\Users\God-00.11\AppData\Local\Programs\Python\Python38\lib\site-packages\django\template\base.py", line 482, in parse
    filter_expression = self.compile_filter(token.contents)
  File "C:\Users\God-00.11\AppData\Local\Programs\Python\Python38\lib\site-packages\django\template\base.py", line 600, in compile_filter
    return FilterExpression(token, self)
  File "C:\Users\God-00.11\AppData\Local\Programs\Python\Python38\lib\site-packages\django\template\base.py", line 701, in __init__
    raise TemplateSyntaxError(
django.template.exceptions.TemplateSyntaxError: Could not parse the remainder: '['name']' from 'course.name['name']'
"GET /search/?name=python&order=-participants&max-price=2500000 HTTP/1.1" 500 186250
Internal Server Error: /search/
Traceback (most recent call last):
  File "C:\Users\God-00.11\AppData\Local\Programs\Python\Python38\lib\site-packages\django\core\handlers\exception.py", line 55, in inner
    response = get_response(request)
  File "C:\Users\God-00.11\AppData\Local\Programs\Python\Python38\lib\site-packages\django\core\handlers\base.py", line 197, in _get_response
    response = wrapped_callback(request, *callback_args, **callback_kwargs)
  File "E:\ohammadijikandi\CourseFind\courses\views.py", line 52, in search
    return render(request, 'searchResult.html', {'courses': query, 'searchvalues': request.GET})
  File "C:\Users\God-00.11\AppData\Local\Programs\Python\Python38\lib\site-packages\django\shortcuts.py", line 24, in render
    content = loader.render_to_string(template_name, context, request, using=using)
  File "C:\Users\God-00.11\AppData\Local\Programs\Python\Python38\lib\site-packages\django\template\loader.py", line 61, in render_to_string
    template = get_template(template_name, using=using)
  File "C:\Users\God-00.11\AppData\Local\Programs\Python\Python38\lib\site-packages\django\template\loader.py", line 15, in get_template
    return engine.get_template(template_name)
  File "C:\Users\God-00.11\AppData\Local\Programs\Python\Python38\lib\site-packages\django\template\backends\django.py", line 34, in get_template
    return Template(self.engine.get_template(template_name), self)
  File "C:\Users\God-00.11\AppData\Local\Programs\Python\Python38\lib\site-packages\django\template\engine.py", line 176, in get_template
    template, origin = self.find_template(template_name)
  File "C:\Users\God-00.11\AppData\Local\Programs\Python\Python38\lib\site-packages\django\template\engine.py", line 158, in find_template
    template = loader.get_template(name, skip=skip)
  File "C:\Users\God-00.11\AppData\Local\Programs\Python\Python38\lib\site-packages\django\template\loaders\base.py", line 28, in get_template
    return Template(
  File "C:\Users\God-00.11\AppData\Local\Programs\Python\Python38\lib\site-packages\django\template\base.py", line 154, in __init__
    self.nodelist = self.compile_nodelist()
  File "C:\Users\God-00.11\AppData\Local\Programs\Python\Python38\lib\site-packages\django\template\base.py", line 200, in compile_nodelist
    return parser.parse()
  File "C:\Users\God-00.11\AppData\Local\Programs\Python\Python38\lib\site-packages\django\template\base.py", line 513, in parse
    raise self.error(token, e)
  File "C:\Users\God-00.11\AppData\Local\Programs\Python\Python38\lib\site-packages\django\template\base.py", line 511, in parse
    compiled_result = compile_func(self, token)
  File "C:\Users\God-00.11\AppData\Local\Programs\Python\Python38\lib\site-packages\django\template\defaulttags.py", line 854, in do_for
    nodelist_loop = parser.parse(
  File "C:\Users\God-00.11\AppData\Local\Programs\Python\Python38\lib\site-packages\django\template\base.py", line 484, in parse
    raise self.error(token, e)
  File "C:\Users\God-00.11\AppData\Local\Programs\Python\Python38\lib\site-packages\django\template\base.py", line 482, in parse
    filter_expression = self.compile_filter(token.contents)
  File "C:\Users\God-00.11\AppData\Local\Programs\Python\Python38\lib\site-packages\django\template\base.py", line 600, in compile_filter
    return FilterExpression(token, self)
  File "C:\Users\God-00.11\AppData\Local\Programs\Python\Python38\lib\site-packages\django\template\base.py", line 701, in __init__
    raise TemplateSyntaxError(
django.template.exceptions.TemplateSyntaxError: Could not parse the remainder: '['name']' from 'course.name['name']'
"GET /search/?name=python&order=-participants&max-price=2500000 HTTP/1.1" 500 186250
E:\ohammadijikandi\CourseFind\courses\views.py changed, reloading.
Watching for file changes with StatReloader
E:\ohammadijikandi\CourseFind\courses\views.py changed, reloading.
Watching for file changes with StatReloader
E:\ohammadijikandi\CourseFind\courses\views.py changed, reloading.
Watching for file changes with StatReloader
E:\ohammadijikandi\CourseFind\courses\views.py changed, reloading.
Watching for file changes with StatReloader
E:\ohammadijikandi\CourseFind\courses\views.py changed, reloading.
Watching for file changes with StatReloader
E:\ohammadijikandi\CourseFind\courses\views.py changed, reloading.
Watching for file changes with StatReloader
E:\ohammadijikandi\CourseFind\courses\views.py changed, reloading.
Watching for file changes with StatReloader
E:\ohammadijikandi\CourseFind\courses\views.py changed, reloading.
Watching for file changes with StatReloader
E:\ohammadijikandi\CourseFind\courses\views.py changed, reloading.
Watching for file changes with StatReloader
E:\ohammadijikandi\CourseFind\courses\views.py changed, reloading.
Watching for file changes with StatReloader
E:\ohammadijikandi\CourseFind\courses\views.py changed, reloading.
Watching for file changes with StatReloader
E:\ohammadijikandi\CourseFind\courses\views.py changed, reloading.
Watching for file changes with StatReloader
E:\ohammadijikandi\CourseFind\courses\views.py changed, reloading.
Watching for file changes with StatReloader
E:\ohammadijikandi\CourseFind\courses\views.py changed, reloading.
Watching for file changes with StatReloader
E:\ohammadijikandi\CourseFind\courses\views.py changed, reloading.
Watching for file changes with StatReloader
E:\ohammadijikandi\CourseFind\courses\views.py changed, reloading.
Watching for file changes with StatReloader
E:\ohammadijikandi\CourseFind\courses\views.py changed, reloading.
Watching for file changes with StatReloader
E:\ohammadijikandi\CourseFind\courses\views.py changed, reloading.
Watching for file changes with StatReloader
E:\ohammadijikandi\CourseFind\courses\views.py changed, reloading.
Watching for file changes with StatReloader
Internal Server Error: /search/
Traceback (most recent call last):
  File "C:\Users\God-00.11\AppData\Local\Programs\Python\Python38\lib\site-packages\django\utils\datastructures.py", line 84, in __getitem__
    list_ = super().__getitem__(key)
KeyError: 'order'

During handling of the above exception, another exception occurred:

Traceback (most recent call last):
  File "C:\Users\God-00.11\AppData\Local\Programs\Python\Python38\lib\site-packages\django\core\handlers\exception.py", line 55, in inner
    response = get_response(request)
  File "C:\Users\God-00.11\AppData\Local\Programs\Python\Python38\lib\site-packages\django\core\handlers\base.py", line 197, in _get_response
    response = wrapped_callback(request, *callback_args, **callback_kwargs)
  File "E:\ohammadijikandi\CourseFind\courses\views.py", line 52, in search
    return render(request, 'searchResult.html', {'courses': query, 'searchName': request.GET["name"], 'searchOrder': request.GET["order"], 'searchMaxPrice': request.GET["max-price"]})
  File "C:\Users\God-00.11\AppData\Local\Programs\Python\Python38\lib\site-packages\django\utils\datastructures.py", line 86, in __getitem__
    raise MultiValueDictKeyError(key)
django.utils.datastructures.MultiValueDictKeyError: 'order'
"GET /search/?name=python HTTP/1.1" 500 77007
E:\ohammadijikandi\CourseFind\courses\views.py changed, reloading.
Watching for file changes with StatReloader
Internal Server Error: /search/
Traceback (most recent call last):
  File "C:\Users\God-00.11\AppData\Local\Programs\Python\Python38\lib\site-packages\django\utils\datastructures.py", line 84, in __getitem__
    list_ = super().__getitem__(key)
KeyError: 'max-price'

During handling of the above exception, another exception occurred:

Traceback (most recent call last):
  File "C:\Users\God-00.11\AppData\Local\Programs\Python\Python38\lib\site-packages\django\core\handlers\exception.py", line 55, in inner
    response = get_response(request)
  File "C:\Users\God-00.11\AppData\Local\Programs\Python\Python38\lib\site-packages\django\core\handlers\base.py", line 197, in _get_response
    response = wrapped_callback(request, *callback_args, **callback_kwargs)
  File "E:\ohammadijikandi\CourseFind\courses\views.py", line 52, in search
    return render(request, 'searchResult.html', {'courses': query, 'searchName': request.GET["name"], 'searchOrder': request.GET.get('order'), 'searchMaxPrice': request.GET["max-price"]})
  File "C:\Users\God-00.11\AppData\Local\Programs\Python\Python38\lib\site-packages\django\utils\datastructures.py", line 86, in __getitem__
    raise MultiValueDictKeyError(key)
django.utils.datastructures.MultiValueDictKeyError: 'max-price'
"GET /search/?name=python HTTP/1.1" 500 77184
E:\ohammadijikandi\CourseFind\courses\views.py changed, reloading.
Watching for file changes with StatReloader
"GET /search/?name=python HTTP/1.1" 200 62073
"GET /static/style/all.css HTTP/1.1" 304 0
E:\ohammadijikandi\CourseFind\courses\views.py changed, reloading.
Watching for file changes with StatReloader
- Broken pipe from ('127.0.0.1', 51253)

"GET /search/?name=&order=-participants&max-price=3690000 HTTP/1.1" 200 1305975
"GET /search/?name=&order=-participants&max-price=3690000 HTTP/1.1" 200 1305972
E:\ohammadijikandi\CourseFind\courses\views.py changed, reloading.
Watching for file changes with StatReloader
"GET /search/?name=&order=-participants&max-price=3690000 HTTP/1.1" 200 1305972
"GET /search/?name=&order=-participants&max-price=3690000 HTTP/1.1" 200 1305972
"GET /search/?name=&order=-participants&max-price=3690000 HTTP/1.1" 200 1305979
"GET /search/?name=&order=-participants&max-price=2500000 HTTP/1.1" 200 1305979
"GET /search/?name=&order=-participants&max-price=3110000 HTTP/1.1" 200 1305979
"GET /search/?name=&order=-participants&max-price=4150000 HTTP/1.1" 200 1305979
"GET /search/?name=&order=-participants&max-price=4150000 HTTP/1.1" 200 1305986
"GET /search/?name=&order=-participants&max-price=4150000 HTTP/1.1" 200 1305998
"GET /static/style/all.css HTTP/1.1" 304 0
"GET /search/?name=&order=-price&max-price=350000 HTTP/1.1" 200 1286718
"GET /search/?name=%D9%BE%D8%A7%DB%8C%D8%AA%D9%88%D9%86&order=-price&max-price=350000 HTTP/1.1" 200 184847
"GET /search/?name=%D9%BE%D8%A7%DB%8C%D8%AA%D9%88%D9%86&order=-price&max-price=350000 HTTP/1.1" 200 196229
"GET /search/?name=%D9%BE%D8%A7%DB%8C%D8%AA%D9%88%D9%86&order=-price&max-price=350000 HTTP/1.1" 200 196241
"GET /search/?name=%D9%BE%D8%A7%DB%8C%D8%AA%D9%88%D9%86&order=-price&max-price=350000 HTTP/1.1" 200 196241
Watching for file changes with StatReloader
"GET / HTTP/1.1" 200 1608
"GET /static/style/all.css HTTP/1.1" 200 15307
Internal Server Error: /search/
Traceback (most recent call last):
  File "C:\Users\God-00.11\AppData\Local\Programs\Python\Python38\lib\site-packages\django\utils\datastructures.py", line 84, in __getitem__
    list_ = super().__getitem__(key)
KeyError: 'max-price'

During handling of the above exception, another exception occurred:

Traceback (most recent call last):
  File "C:\Users\God-00.11\AppData\Local\Programs\Python\Python38\lib\site-packages\django\core\handlers\exception.py", line 55, in inner
    response = get_response(request)
  File "C:\Users\God-00.11\AppData\Local\Programs\Python\Python38\lib\site-packages\django\core\handlers\base.py", line 197, in _get_response
    response = wrapped_callback(request, *callback_args, **callback_kwargs)
  File "E:\ohammadijikandi\CourseFind\courses\views.py", line 52, in search
    return render(request, 'searchResult.html', {'courses': query, 'searchName': request.GET["name"], 'searchOrder': request.GET.get('order'), 'searchMaxPrice': request.GET['max-price']})
  File "C:\Users\God-00.11\AppData\Local\Programs\Python\Python38\lib\site-packages\django\utils\datastructures.py", line 86, in __getitem__
    raise MultiValueDictKeyError(key)
django.utils.datastructures.MultiValueDictKeyError: 'max-price'
"GET /search/?name=c%23 HTTP/1.1" 500 77146
E:\ohammadijikandi\CourseFind\courses\views.py changed, reloading.
Watching for file changes with StatReloader
E:\ohammadijikandi\CourseFind\courses\views.py changed, reloading.
Watching for file changes with StatReloader
E:\ohammadijikandi\CourseFind\courses\views.py changed, reloading.
Watching for file changes with StatReloader
E:\ohammadijikandi\CourseFind\courses\views.py changed, reloading.
Watching for file changes with StatReloader
E:\ohammadijikandi\CourseFind\courses\views.py changed, reloading.
Watching for file changes with StatReloader
E:\ohammadijikandi\CourseFind\courses\views.py changed, reloading.
Watching for file changes with StatReloader
Internal Server Error: /search/
Traceback (most recent call last):
  File "C:\Users\God-00.11\AppData\Local\Programs\Python\Python38\lib\site-packages\django\utils\datastructures.py", line 84, in __getitem__
    list_ = super().__getitem__(key)
KeyError: 'max-price'

During handling of the above exception, another exception occurred:

Traceback (most recent call last):
  File "C:\Users\God-00.11\AppData\Local\Programs\Python\Python38\lib\site-packages\django\core\handlers\exception.py", line 55, in inner
    response = get_response(request)
  File "C:\Users\God-00.11\AppData\Local\Programs\Python\Python38\lib\site-packages\django\core\handlers\base.py", line 197, in _get_response
    response = wrapped_callback(request, *callback_args, **callback_kwargs)
  File "E:\ohammadijikandi\CourseFind\courses\views.py", line 52, in search
    return render(request, 'searchResult.html', {'courses': query, 'searchName': request.GET["name"] or '', 'searchOrder': request.GET.get('order') or 'price', 'searchMaxPrice': request.GET['max-price'] or '2500000'})
  File "C:\Users\God-00.11\AppData\Local\Programs\Python\Python38\lib\site-packages\django\utils\datastructures.py", line 86, in __getitem__
    raise MultiValueDictKeyError(key)
django.utils.datastructures.MultiValueDictKeyError: 'max-price'
"GET /search/?name=c%23 HTTP/1.1" 500 77266
"GET / HTTP/1.1" 200 1608
"GET /static/style/all.css HTTP/1.1" 304 0
Internal Server Error: /search/
Traceback (most recent call last):
  File "C:\Users\God-00.11\AppData\Local\Programs\Python\Python38\lib\site-packages\django\utils\datastructures.py", line 84, in __getitem__
    list_ = super().__getitem__(key)
KeyError: 'max-price'

During handling of the above exception, another exception occurred:

Traceback (most recent call last):
  File "C:\Users\God-00.11\AppData\Local\Programs\Python\Python38\lib\site-packages\django\core\handlers\exception.py", line 55, in inner
    response = get_response(request)
  File "C:\Users\God-00.11\AppData\Local\Programs\Python\Python38\lib\site-packages\django\core\handlers\base.py", line 197, in _get_response
    response = wrapped_callback(request, *callback_args, **callback_kwargs)
  File "E:\ohammadijikandi\CourseFind\courses\views.py", line 52, in search
    return render(request, 'searchResult.html', {'courses': query, 'searchName': request.GET["name"] or '', 'searchOrder': request.GET.get('order') or 'price', 'searchMaxPrice': request.GET['max-price'] or '2500000'})
  File "C:\Users\God-00.11\AppData\Local\Programs\Python\Python38\lib\site-packages\django\utils\datastructures.py", line 86, in __getitem__
    raise MultiValueDictKeyError(key)
django.utils.datastructures.MultiValueDictKeyError: 'max-price'
"GET /search/?name=%D9%BE%D8%A7%DB%8C%D8%AA%D9%88%D9%86 HTTP/1.1" 500 77463
E:\ohammadijikandi\CourseFind\courses\views.py changed, reloading.
Watching for file changes with StatReloader
E:\ohammadijikandi\CourseFind\courses\views.py changed, reloading.
Watching for file changes with StatReloader
Watching for file changes with StatReloader
"GET /search/?name=%D9%BE%D8%A7%DB%8C%D8%AA%D9%88%D9%86 HTTP/1.1" 200 241415
"GET /static/style/all.css HTTP/1.1" 304 0
Internal Server Error: /search/
Traceback (most recent call last):
  File "C:\Users\God-00.11\AppData\Local\Programs\Python\Python38\lib\site-packages\django\utils\datastructures.py", line 84, in __getitem__
    list_ = super().__getitem__(key)
KeyError: 'name'

During handling of the above exception, another exception occurred:

Traceback (most recent call last):
  File "C:\Users\God-00.11\AppData\Local\Programs\Python\Python38\lib\site-packages\django\core\handlers\exception.py", line 55, in inner
    response = get_response(request)
  File "C:\Users\God-00.11\AppData\Local\Programs\Python\Python38\lib\site-packages\django\core\handlers\base.py", line 197, in _get_response
    response = wrapped_callback(request, *callback_args, **callback_kwargs)
  File "E:\ohammadijikandi\CourseFind\courses\views.py", line 52, in search
    return render(request, 'searchResult.html', {'courses': query, 'searchName': request.GET["name"] or '', 'searchOrder': request.GET.get('order') or 'price', 'searchMaxPrice': request.GET.get('max-price') or '2500000'})
  File "C:\Users\God-00.11\AppData\Local\Programs\Python\Python38\lib\site-packages\django\utils\datastructures.py", line 86, in __getitem__
    raise MultiValueDictKeyError(key)
django.utils.datastructures.MultiValueDictKeyError: 'name'
"GET /search/ HTTP/1.1" 500 76684
E:\ohammadijikandi\CourseFind\courses\views.py changed, reloading.
Watching for file changes with StatReloader
"GET /search/ HTTP/1.1" 200 1740324
"GET /static/style/all.css HTTP/1.1" 304 0
E:\ohammadijikandi\CourseFind\courses\views.py changed, reloading.
Watching for file changes with StatReloader
"GET /static/style/all.css HTTP/1.1" 304 0
"GET /search/?name=&order=-price&max-price=3350000 HTTP/1.1" 200 1740324
"GET /static/style/all.css HTTP/1.1" 304 0
"GET /search/?name=xamarin&order=-price&max-price=3350000 HTTP/1.1" 200 13322
"GET /static/style/all.css HTTP/1.1" 304 0
"GET /course/1588 HTTP/1.1" 200 4107
"GET /search/?name=xamarin&order=-price&max-price=3350000 HTTP/1.1" 200 13322
"GET /search/?name=xamarin&order=-price&max-price=3350000 HTTP/1.1" 200 13322
- Broken pipe from ('127.0.0.1', 51783)

"GET /search/?name=xamarin&order=-price&max-price=3350000 HTTP/1.1" 200 13322
"GET /course/1588 HTTP/1.1" 200 4107
"GET /search/?name=xamarin&order=-price&max-price=3350000 HTTP/1.1" 200 13322
"GET /course/1588 HTTP/1.1" 200 4107
"GET /search/?name=xamarin&order=-price&max-price=3350000 HTTP/1.1" 200 13406
"GET /static/style/all.css HTTP/1.1" 304 0
"GET /course/1588 HTTP/1.1" 200 4107
"GET /search/?name=xamarin&order=-price&max-price=3350000 HTTP/1.1" 200 13406
"GET /static/style/all.css HTTP/1.1" 304 0
"GET /course/1588 HTTP/1.1" 200 4132
"GET /course/1330 HTTP/1.1" 200 3515
"GET /search/?name=xamarin&order=-price&max-price=3350000 HTTP/1.1" 200 13406
"GET /static/style/all.css HTTP/1.1" 304 0
"GET /course/1330 HTTP/1.1" 200 3515
"GET /admin HTTP/1.1" 301 0
"GET /admin/ HTTP/1.1" 302 0
"GET /admin/login/?next=/admin/ HTTP/1.1" 200 2215
"GET /static/admin/css/nav_sidebar.css HTTP/1.1" 200 2616
"GET /static/admin/css/base.css HTTP/1.1" 200 19513
"GET /static/admin/css/responsive.css HTTP/1.1" 200 18575
"GET /static/admin/css/fonts.css HTTP/1.1" 200 423
"GET /static/admin/css/login.css HTTP/1.1" 200 954
"GET /static/admin/js/nav_sidebar.js HTTP/1.1" 200 3763
"GET /static/admin/fonts/Roboto-Light-webfont.woff HTTP/1.1" 200 85692
"GET /static/admin/fonts/Roboto-Regular-webfont.woff HTTP/1.1" 200 85876
"POST /admin/login/?next=/admin/ HTTP/1.1" 200 2376
"GET /static/admin/fonts/Roboto-Bold-webfont.woff HTTP/1.1" 200 86184
"GET /admin/login/?next=/admin/ HTTP/1.1" 200 2215
"GET /course/1330 HTTP/1.1" 200 3515
"GET /static/style/all.css HTTP/1.1" 304 0
E:\ohammadijikandi\CourseFind\courses\views.py changed, reloading.
Watching for file changes with StatReloader
E:\ohammadijikandi\CourseFind\courses\views.py changed, reloading.
Watching for file changes with StatReloader
"GET /search/?name=xamarin&order=-price&max-price=3350000 HTTP/1.1" 200 13406
"GET /course/1588 HTTP/1.1" 200 4132
Watching for file changes with StatReloader
"GET / HTTP/1.1" 200 2364
"GET / HTTP/1.1" 200 2364
"GET /static/style/all.css HTTP/1.1" 200 16408
"GET /static/script/lottie.min.js HTTP/1.1" 200 279772
"GET /static/script/all.js HTTP/1.1" 200 124
"GET /static/media/Test_logo.jpeg HTTP/1.1" 200 12787
"GET /static/fonts/Vazirmatn-Medium.woff2 HTTP/1.1" 200 49596
"GET /static/fonts/Vazirmatn-Regular.woff2 HTTP/1.1" 200 49100
"GET /static/fonts/Vazirmatn-Black.woff2 HTTP/1.1" 200 49108
"GET /static/style/all.css HTTP/1.1" 304 0
"GET /search/?name= HTTP/1.1" 200 1796198
"GET /static/style/star-rating.css HTTP/1.1" 200 1682
"GET /media/Test_logo.jpeg HTTP/1.1" 200 12787
"GET /static/style/all.css HTTP/1.1" 304 0
"GET /media/CourseSources-Images/toplearn.png HTTP/1.1" 200 6370
"GET /static/script/less.js HTTP/1.1" 200 488171
"GET /media/CourseSources-Images/faradars.png HTTP/1.1" 200 70116
"GET / HTTP/1.1" 200 2381
"GET /static/style/all.css HTTP/1.1" 304 0
"GET /media/favicon.ico HTTP/1.1" 200 1150
"GET /search?name=%D8%AC%D8%A7%D9%88%D8%A7%20%D8%A7%D8%B3%DA%A9%D8%B1%DB%8C%D9%BE%D8%AA HTTP/1.1" 301 0
"GET /search/?name=%D8%AC%D8%A7%D9%88%D8%A7%20%D8%A7%D8%B3%DA%A9%D8%B1%DB%8C%D9%BE%D8%AA HTTP/1.1" 200 35667
"GET /static/script/resultPage.js HTTP/1.1" 200 898
"GET /static/fonts/Vazirmatn-Bold.woff2 HTTP/1.1" 200 49804
"GET /static/script/range.js HTTP/1.1" 200 316
"GET /static/style/range.less HTTP/1.1" 200 871
"GET / HTTP/1.1" 200 2392
"GET /static/style/all.css HTTP/1.1" 304 0
"GET /search?name=%D8%B3%DB%8C%20%D9%BE%D9%84%D8%A7%D8%B3%20%D9%BE%D9%84%D8%A7%D8%B3 HTTP/1.1" 301 0
"GET /search/?name=%D8%B3%DB%8C%20%D9%BE%D9%84%D8%A7%D8%B3%20%D9%BE%D9%84%D8%A7%D8%B3 HTTP/1.1" 200 24602
"GET /static/script/resultPage.js HTTP/1.1" 304 0
"GET /media/Dropdown-arrow.png HTTP/1.1" 200 158
